# JRE version: OpenJDK Runtime Environment Temurin-11.0.18+10 (11.0.18+10) (build 11.0.18+10)
# Java VM: OpenJDK 64-Bit Server VM Temurin-11.0.18+10 (11.0.18+10, mixed mode, tiered, compressed oops, g1 gc, windows-amd64)
Heap:
 garbage-first heap   total 65536K, used 30143K [0x00000000fc000000, 0x0000000100000000)
  region size 1024K, 20 young (20480K), 1 survivors (1024K)
 Metaspace       used 17642K, capacity 17981K, committed 18304K, reserved 1064960K
  class space    used 1930K, capacity 2062K, committed 2176K, reserved 1048576K
GC Heap History (6 events):
Event: 6.177 GC heap before
{Heap before GC invocations=0 (full 0):
 garbage-first heap   total 65536K, used 6144K [0x00000000fc000000, 0x0000000100000000)
  region size 1024K, 7 young (7168K), 0 survivors (0K)
 Metaspace       used 7172K, capacity 7353K, committed 7680K, reserved 1056768K
  class space    used 620K, capacity 682K, committed 768K, reserved 1048576K
}
Event: 6.241 GC heap after
{Heap after GC invocations=1 (full 0):
 garbage-first heap   total 65536K, used 1569K [0x00000000fc000000, 0x0000000100000000)
  region size 1024K, 1 young (1024K), 1 survivors (1024K)
 Metaspace       used 7172K, capacity 7353K, committed 7680K, reserved 1056768K
  class space    used 620K, capacity 682K, committed 768K, reserved 1048576K
}
Event: 14.800 GC heap before
{Heap before GC invocations=1 (full 0):
 garbage-first heap   total 65536K, used 42529K [0x00000000fc000000, 0x0000000100000000)
  region size 1024K, 38 young (38912K), 1 survivors (1024K)
 Metaspace       used 13836K, capacity 14153K, committed 14208K, reserved 1062912K
  class space    used 1538K, capacity 1633K, committed 1664K, reserved 1048576K
}
Event: 14.814 GC heap after
{Heap after GC invocations=2 (full 0):
 garbage-first heap   total 65536K, used 11678K [0x00000000fc000000, 0x0000000100000000)
  region size 1024K, 5 young (5120K), 5 survivors (5120K)
 Metaspace       used 13836K, capacity 14153K, committed 14208K, reserved 1062912K
  class space    used 1538K, capacity 1633K, committed 1664K, reserved 1048576K
}
Event: 16.483 GC heap before
{Heap before GC invocations=2 (full 0):
 garbage-first heap   total 65536K, used 14750K [0x00000000fc000000, 0x0000000100000000)
  region size 1024K, 8 young (8192K), 5 survivors (5120K)
 Metaspace       used 14563K, capacity 14901K, committed 15104K, reserved 1062912K
  class space    used 1639K, capacity 1734K, committed 1792K, reserved 1048576K
}
Event: 16.501 GC heap after
{Heap after GC invocations=3 (full 0):
 garbage-first heap   total 65536K, used 11711K [0x00000000fc000000, 0x0000000100000000)
  region size 1024K, 1 young (1024K), 1 survivors (1024K)
 Metaspace       used 14563K, capacity 14901K, committed 15104K, reserved 1062912K
  class space    used 1639K, capacity 1734K, committed 1792K, reserved 1048576K
}

